<?xml version="1.0" encoding="UTF-8"?>
<!-- Generated by org.testng.reporters.JUnitReportReporter -->
<testsuite skipped="0" hostname="ManojSitu" name="WebServicesTestCases.GetListrest" tests="1" failures="0" timestamp="06 Jun 2019 13:06:35 GMT" time="8.830" errors="0">
  <testcase name="GetListUser" time="8.830" classname="WebServicesTestCases.GetListrest"/>
</testsuite> <!-- WebServicesTestCases.GetListrest -->
