<?xml version="1.0" encoding="UTF-8"?>
<!-- Generated by org.testng.reporters.JUnitReportReporter -->
<testsuite skipped="0" hostname="ManojSitu" name="WebServicesTestCases.getPrintingAllheader" tests="1" failures="0" timestamp="07 Jun 2019 10:27:49 GMT" time="13.183" errors="0">
  <testcase name="PrintAllHeaders" time="13.183" classname="WebServicesTestCases.getPrintingAllheader"/>
</testsuite> <!-- WebServicesTestCases.getPrintingAllheader -->
