<?xml version="1.0" encoding="UTF-8"?>
<!-- Generated by org.testng.reporters.JUnitReportReporter -->
<testsuite skipped="0" hostname="ManojSitu" name="WebServicesTestCases.SampleGetTest" tests="1" failures="0" timestamp="06 Jun 2019 11:49:14 GMT" time="9.405" errors="0">
  <testcase name="GetWeaatherList" time="9.405" classname="WebServicesTestCases.SampleGetTest"/>
</testsuite> <!-- WebServicesTestCases.SampleGetTest -->
