<?xml version="1.0" encoding="UTF-8"?>
<!-- Generated by org.testng.reporters.JUnitReportReporter -->
<testsuite skipped="0" hostname="ManojSitu" name="WebServicesTestCases.SamplePostTest" tests="1" failures="0" timestamp="06 Jun 2019 12:18:52 GMT" time="24.856" errors="0">
  <testcase name="PostRegistraion" time="24.856" classname="WebServicesTestCases.SamplePostTest"/>
</testsuite> <!-- WebServicesTestCases.SamplePostTest -->
