<?xml version="1.0" encoding="UTF-8"?>
<!-- Generated by org.testng.reporters.JUnitReportReporter -->
<testsuite skipped="0" hostname="ManojSitu" name="WebServicesTestCases.GET_ExtractvalueofEachNodeinJSOn" tests="1" failures="0" timestamp="08 Jun 2019 06:27:26 GMT" time="12.315" errors="0">
  <testcase name="ExtractValueInJSON" time="12.315" classname="WebServicesTestCases.GET_ExtractvalueofEachNodeinJSOn"/>
</testsuite> <!-- WebServicesTestCases.GET_ExtractvalueofEachNodeinJSOn -->
