<?xml version="1.0" encoding="UTF-8"?>
<!-- Generated by org.testng.reporters.JUnitReportReporter -->
<testsuite skipped="0" hostname="ManojSitu" name="WebServicesTestCases.ValidateJsonBodyResponse" tests="1" failures="0" timestamp="08 Jun 2019 06:11:40 GMT" time="12.927" errors="0">
  <testcase name="validatejsonbodyResp" time="12.927" classname="WebServicesTestCases.ValidateJsonBodyResponse"/>
</testsuite> <!-- WebServicesTestCases.ValidateJsonBodyResponse -->
